# JRE version: Java(TM) SE Runtime Environment 18.9 (11.0.12+8) (build 11.0.12+8-LTS-237)
# Java VM: Java HotSpot(TM) 64-Bit Server VM 18.9 (11.0.12+8-LTS-237, mixed mode, tiered, compressed oops, g1 gc, windows-amd64)
Heap:
 garbage-first heap   total 262144K, used 218015K [0x00000000e0000000, 0x0000000100000000)
  region size 1024K, 123 young (125952K), 6 survivors (6144K)
 Metaspace       used 92501K, capacity 95937K, committed 96092K, reserved 337920K
  class space    used 11405K, capacity 12629K, committed 12684K, reserved 253952K
GC Heap History (10 events):
Event: 1381.591 GC heap after
{Heap after GC invocations=27 (full 0):
 garbage-first heap   total 262144K, used 94085K [0x00000000e0000000, 0x0000000100000000)
  region size 1024K, 15 young (15360K), 15 survivors (15360K)
 Metaspace       used 91378K, capacity 94861K, committed 95068K, reserved 337920K
  class space    used 11372K, capacity 12584K, committed 12684K, reserved 253952K
}
Event: 1382.444 GC heap before
{Heap before GC invocations=27 (full 0):
 garbage-first heap   total 262144K, used 210821K [0x00000000e0000000, 0x0000000100000000)
  region size 1024K, 130 young (133120K), 15 survivors (15360K)
 Metaspace       used 91421K, capacity 94864K, committed 95068K, reserved 337920K
  class space    used 11372K, capacity 12584K, committed 12684K, reserved 253952K
}
Event: 1382.458 GC heap after
{Heap after GC invocations=28 (full 0):
 garbage-first heap   total 262144K, used 90790K [0x00000000e0000000, 0x0000000100000000)
  region size 1024K, 5 young (5120K), 5 survivors (5120K)
 Metaspace       used 91421K, capacity 94864K, committed 95068K, reserved 337920K
  class space    used 11372K, capacity 12584K, committed 12684K, reserved 253952K
}
Event: 1388.664 GC heap before
{Heap before GC invocations=28 (full 0):
 garbage-first heap   total 262144K, used 213670K [0x00000000e0000000, 0x0000000100000000)
  region size 1024K, 126 young (129024K), 5 survivors (5120K)
 Metaspace       used 91691K, capacity 95193K, committed 95324K, reserved 337920K
  class space    used 11377K, capacity 12595K, committed 12684K, reserved 253952K
}
Event: 1388.670 GC heap after
{Heap after GC invocations=29 (full 0):
 garbage-first heap   total 262144K, used 89766K [0x00000000e0000000, 0x0000000100000000)
  region size 1024K, 4 young (4096K), 4 survivors (4096K)
 Metaspace       used 91691K, capacity 95193K, committed 95324K, reserved 337920K
  class space    used 11377K, capacity 12595K, committed 12684K, reserved 253952K
}
Event: 5175.491 GC heap before
{Heap before GC invocations=29 (full 0):
 garbage-first heap   total 262144K, used 214694K [0x00000000e0000000, 0x0000000100000000)
  region size 1024K, 127 young (130048K), 4 survivors (4096K)
 Metaspace       used 91947K, capacity 95423K, committed 95580K, reserved 337920K
  class space    used 11381K, capacity 12602K, committed 12684K, reserved 253952K
}
Event: 5175.522 GC heap after
{Heap after GC invocations=30 (full 0):
 garbage-first heap   total 262144K, used 95088K [0x00000000e0000000, 0x0000000100000000)
  region size 1024K, 10 young (10240K), 10 survivors (10240K)
 Metaspace       used 91947K, capacity 95423K, committed 95580K, reserved 337920K
  class space    used 11381K, capacity 12602K, committed 12684K, reserved 253952K
}
Event: 5288.493 GC heap before
{Heap before GC invocations=30 (full 0):
 garbage-first heap   total 262144K, used 216944K [0x00000000e0000000, 0x0000000100000000)
  region size 1024K, 129 young (132096K), 10 survivors (10240K)
 Metaspace       used 92243K, capacity 95761K, committed 95836K, reserved 337920K
  class space    used 11389K, capacity 12615K, committed 12684K, reserved 253952K
}
Event: 5288.506 GC heap after
{Heap after GC invocations=31 (full 0):
 garbage-first heap   total 262144K, used 97183K [0x00000000e0000000, 0x0000000100000000)
  region size 1024K, 9 young (9216K), 9 survivors (9216K)
 Metaspace       used 92243K, capacity 95761K, committed 95836K, reserved 337920K
  class space    used 11389K, capacity 12615K, committed 12684K, reserved 253952K
}
Event: 5510.860 GC heap before
{Heap before GC invocations=31 (full 0):
 garbage-first heap   total 262144K, used 216991K [0x00000000e0000000, 0x0000000100000000)
  region size 1024K, 126 young (129024K), 9 survivors (9216K)
 Metaspace       used 92501K, capacity 95937K, committed 96092K, reserved 337920K
  class space    used 11405K, capacity 12629K, committed 12684K, reserved 253952K
}

